文件：ncr_sw.c     编译器版本 HGASM 0202 页次1


   1  0000              ; Generated by holtek-gcc v3.19, Mon Oct 21 15:28:06 2019
   2  0000              ; 
   3  0000              ; Configuration:
   4  0000              ;       with long instruction
   5  0000              ;       Single ROM, Multi-RAM
   6  0000              ;       bits_per_rom_unit:16
   7  0000              ;       with mp1
   8  0000              ;       with tbhp, address(0x9)
   9  0000              ;          Use tabrd-const
  10  0000              ;       
  11  0000              ; SFR address of long-instruction arch:
  12  0000              ;    mp0 = -1,1,0
  13  0000              ;    mp1 = 4,3,2
  14  0000              ;    mp2 = 14,13,12
  15  0000              ;    tbp = 9,7,8
  16  0000              ;    acc = 5
  17  0000              ;    pcl = 6
  18  0000              ;    status = 10
  19  0000              ;    bp = 11
  20  0000              ;    intc = 17
  21  0000              ;       
  22  0000              ;       
  23  0000              ; use 'tabrdc' instead of 'tabrd'
  24  0000              ;       
  25  0000              
  26  0000              #pragma translator "holtek-gcc 4.6.4" "3.19" "build 20130711"
  27  0000              ; Rebuild 115
  28  0000              
  29  0000              ir equ [2]
  30  0000              mp equ [3]
  31  0000              sbp equ [4]
  32  0000              acc equ [5]
  33  0000              bp equ [11]
  34  0000              tblp equ [7]
  35  0000              tbhp equ [9]
  36  0000              status equ [10]
  37  0000              c equ [10].0
  38  0000              ac equ [10].1
  39  0000              z equ [10].2
  40  0000              ov equ [10].3
  41  0000              cz equ [10].6
  42  0000              sc equ [10].7
  43  0000              intc equ [17]
  44  0000              
  45  0000              extern ra:byte
  46  0000              extern rb:byte
  47  0000              extern rc:byte
  48  0000              extern rd:byte
  49  0000              extern re:byte
  50  0000              extern rf:byte
  51  0000              extern rg:byte
  52  0000              extern rh:byte
  53  0000              extern _Crom2Prom:near
  54  0000              extern _Crom2PromNext:near
  55  0000              
  56  0000              RAMBANK 0 @BITDATASEC, @BITDATASEC1
  57  0000              @HCCINIT	.section 'data'
  58  0000              @HCCINIT0	.section 'data'
  59  0000              @BITDATASEC	 .section 'data'
文件：ncr_sw.ASM   编译器版本 HGASM 0202 页次2

  60  0000              @BITDATASEC1	 .section 'data'
  61  0000              
  62  0000              #pragma debug scope 1 1
  63  0000              	extern __DELAY3:near
  64  0000              	extern __DELAYX3:near
  65  0000              	extern __DELAYX6:near
  66  0000              	extern __DELAYY5:near
  67  0000              	extern __DELAYY3:near
  68  0000              	extern _builtin_holtek_delay_2:byte
  69  0000              ___pbs1 equ [259]
  70  0000              ___pbc equ [33]
  71  0000              ___pbpu equ [34]
  72  0000              public _sw1DefaultConfig
  73  0000              #pragma debug scope 2 1

   4  0000              #line 4 "G:\workspace\client\利仁电气\software\NCR\ncr\ncr_sw.c"
   4  0000              _sw1DefaultConfig .section 'code'
   4  0000              _sw1DefaultConfig proc
   5  0000              #line 5 "G:\workspace\client\利仁电气\software\NCR\ncr\ncr_sw.c"
   5  0000  9F03 0001   	lclr [259]
   8  0002              #line 8 "G:\workspace\client\利仁电气\software\NCR\ncr\ncr_sw.c"
   8  0002  3221        	set [33].4
   9  0003              #line 9 "G:\workspace\client\利仁电气\software\NCR\ncr\ncr_sw.c"
   9  0003  32A1        	set [33].5
  11  0004              #line 11 "G:\workspace\client\利仁电气\software\NCR\ncr\ncr_sw.c"
  11  0004  0F30        	mov a,48
  11  0005  05A2        	orm a,[34]
  11  0006  0003        	ret
  11  0007              _sw1DefaultConfig endp
  11  0007              #line 11 "G:\workspace\client\利仁电气\software\NCR\ncr\ncr_sw.c"
  11  0007              #pragma debug scope 1 1
  11  0007              public _sw2DefaultConfig
  11  0007              #pragma debug scope 3 1
  14  0007              #line 14 "G:\workspace\client\利仁电气\software\NCR\ncr\ncr_sw.c"
  14  0000              _sw2DefaultConfig .section 'code'
  14  0000              _sw2DefaultConfig proc
  15  0000              #line 15 "G:\workspace\client\利仁电气\software\NCR\ncr\ncr_sw.c"
  15  0000  9F03 0001   	lclr [259]
  18  0002              #line 18 "G:\workspace\client\利仁电气\software\NCR\ncr\ncr_sw.c"
  18  0002  3321        	set [33].6
  19  0003              #line 19 "G:\workspace\client\利仁电气\software\NCR\ncr\ncr_sw.c"
  19  0003  33A1        	set [33].7
  21  0004              #line 21 "G:\workspace\client\利仁电气\software\NCR\ncr\ncr_sw.c"
  21  0004  0FC0        	mov a,192
  21  0005  05A2        	orm a,[34]
  21  0006  0003        	ret
  21  0007              _sw2DefaultConfig endp
  21  0007              #line 21 "G:\workspace\client\利仁电气\software\NCR\ncr\ncr_sw.c"
  21  0007              #pragma debug scope 1 1
  21  0007              public _swGpioClear
  21  0007              #pragma debug scope 4 1
  24  0007              #line 24 "G:\workspace\client\利仁电气\software\NCR\ncr\ncr_sw.c"
  24  0000              _swGpioClear .section 'code'
  24  0000              _swGpioClear proc
  25  0000              #line 25 "G:\workspace\client\利仁电气\software\NCR\ncr\ncr_sw.c"
  25  0000  3621        	clr [33].4
  26  0001              #line 26 "G:\workspace\client\利仁电气\software\NCR\ncr\ncr_sw.c"
  26  0001  3721        	clr [33].6
  27  0002              #line 27 "G:\workspace\client\利仁电气\software\NCR\ncr\ncr_sw.c"
  27  0002  36A1        	clr [33].5
文件：ncr_sw.c     编译器版本 HGASM 0202 页次3

  28  0003              #line 28 "G:\workspace\client\利仁电气\software\NCR\ncr\ncr_sw.c"
  28  0003  37A1        	clr [33].7
  28  0004  0003        	ret
  28  0005              _swGpioClear endp
  28  0005              #line 28 "G:\workspace\client\利仁电气\software\NCR\ncr\ncr_sw.c"
  28  0005              #pragma debug scope 1 1
  28  0005              #pragma debug struct_end
  28  0005              #pragma debug struct_end
  28  0005              #pragma debug union_end
  28  0005              #pragma debug union_end
  28  0005              #pragma debug variable 43 1 ___pbc "__pbc" 1
  28  0005              #pragma debug struct_end
  28  0005              #pragma debug struct_end
  28  0005              #pragma debug union_end
  28  0005              #pragma debug union_end
  28  0005              #pragma debug variable 45 1 ___pbpu "__pbpu" 1
  28  0005              #pragma debug struct_end
  28  0005              #pragma debug struct_end
  28  0005              #pragma debug union_end
  28  0005              #pragma debug union_end
  28  0005              #pragma debug variable 47 1 ___pbs1 "__pbs1" 1
  28  0005              
  28  0005              ; 
  28  0005              ; Generated by holtek-gcc v3.19, Mon Oct 21 15:28:06 2019
  28  0005              ; Rebuild 115
  28  0005              ; end of file


        0 Errors, 0