文件：ncr_sensor.c 编译器版本 HGASM 0202 页次1


   1  0000              ; Generated by holtek-gcc v3.19, Mon Oct 21 15:28:07 2019
   2  0000              ; 
   3  0000              ; Configuration:
   4  0000              ;       with long instruction
   5  0000              ;       Single ROM, Multi-RAM
   6  0000              ;       bits_per_rom_unit:16
   7  0000              ;       with mp1
   8  0000              ;       with tbhp, address(0x9)
   9  0000              ;          Use tabrd-const
  10  0000              ;       
  11  0000              ; SFR address of long-instruction arch:
  12  0000              ;    mp0 = -1,1,0
  13  0000              ;    mp1 = 4,3,2
  14  0000              ;    mp2 = 14,13,12
  15  0000              ;    tbp = 9,7,8
  16  0000              ;    acc = 5
  17  0000              ;    pcl = 6
  18  0000              ;    status = 10
  19  0000              ;    bp = 11
  20  0000              ;    intc = 17
  21  0000              ;       
  22  0000              ;       
  23  0000              ; use 'tabrdc' instead of 'tabrd'
  24  0000              ;       
  25  0000              
  26  0000              #pragma translator "holtek-gcc 4.6.4" "3.19" "build 20130711"
  27  0000              ; Rebuild 115
  28  0000              
  29  0000              ir equ [2]
  30  0000              mp equ [3]
  31  0000              sbp equ [4]
  32  0000              acc equ [5]
  33  0000              bp equ [11]
  34  0000              tblp equ [7]
  35  0000              tbhp equ [9]
  36  0000              status equ [10]
  37  0000              c equ [10].0
  38  0000              ac equ [10].1
  39  0000              z equ [10].2
  40  0000              ov equ [10].3
  41  0000              cz equ [10].6
  42  0000              sc equ [10].7
  43  0000              intc equ [17]
  44  0000              
  45  0000              extern ra:byte
  46  0000              extern rb:byte
  47  0000              extern rc:byte
  48  0000              extern rd:byte
  49  0000              extern re:byte
  50  0000              extern rf:byte
  51  0000              extern rg:byte
  52  0000              extern rh:byte
  53  0000              extern _Crom2Prom:near
  54  0000              extern _Crom2PromNext:near
  55  0000              
  56  0000              RAMBANK 0 @BITDATASEC, @BITDATASEC1
  57  0000              @HCCINIT	.section 'data'
  58  0000              @HCCINIT0	.section 'data'
  59  0000              @BITDATASEC	 .section 'data'
文件：ncr_sensor.ASM 编译器版本 HGASM 0202 页次2

  60  0000              @BITDATASEC1	 .section 'data'
  61  0000              
  62  0000              #pragma debug scope 1 1
  63  0000              	extern __DELAY3:near
  64  0000              	extern __DELAYX3:near
  65  0000              	extern __DELAYX6:near
  66  0000              	extern __DELAYY5:near
  67  0000              	extern __DELAYY3:near
  68  0000              	extern _builtin_holtek_delay_2:byte
  69  0000              ___pcc equ [41]
  70  0000              ___pc equ [40]
  71  0000              public _statusLowbatLedConfig
  72  0000              #pragma debug scope 2 1

   6  0000              #line 6 "G:\workspace\client\利仁电气\software\NCR\ncr\ncr_sensor.c"
   6  0000              _statusLowbatLedConfig .section 'code'
   6  0000              _statusLowbatLedConfig proc
   7  0000              #line 7 "G:\workspace\client\利仁电气\software\NCR\ncr\ncr_sensor.c"
   7  0000  3429        	clr [41].0
   8  0001              #line 8 "G:\workspace\client\利仁电气\software\NCR\ncr\ncr_sensor.c"
   8  0001  34A9        	clr [41].1
  10  0002              #line 10 "G:\workspace\client\利仁电气\software\NCR\ncr\ncr_sensor.c"
  10  0002  3028        	set [40].0
  11  0003              #line 11 "G:\workspace\client\利仁电气\software\NCR\ncr\ncr_sensor.c"
  11  0003  30A8        	set [40].1
  11  0004  0003        	ret
  11  0005              _statusLowbatLedConfig endp
  11  0005              #line 11 "G:\workspace\client\利仁电气\software\NCR\ncr\ncr_sensor.c"
  11  0005              #pragma debug scope 1 1
  11  0005              ___pcpu equ [42]
  11  0005              ___pdc equ [54]
  11  0005              ___pd equ [53]
  11  0005              ___pac equ [21]
  11  0005              ___papu equ [22]
  11  0005              public _ncrGPIOConfig
  11  0005              #pragma debug scope 3 1
  14  0005              #line 14 "G:\workspace\client\利仁电气\software\NCR\ncr\ncr_sensor.c"
  14  0000              _ncrGPIOConfig .section 'code'
  14  0000              _ncrGPIOConfig proc
  16  0000              #line 16 "G:\workspace\client\利仁电气\software\NCR\ncr\ncr_sensor.c"
  16  0000  3529        	clr [41].2
  17  0001              #line 17 "G:\workspace\client\利仁电气\software\NCR\ncr\ncr_sensor.c"
  17  0001  3128        	set [40].2
  20  0002              #line 20 "G:\workspace\client\利仁电气\software\NCR\ncr\ncr_sensor.c"
  20  0002  36A9        	clr [41].5
  21  0003              #line 21 "G:\workspace\client\利仁电气\software\NCR\ncr\ncr_sensor.c"
  21  0003  32A8        	set [40].5
  22  0004              #line 22 "G:\workspace\client\利仁电气\software\NCR\ncr\ncr_sensor.c"
  22  0004  32AA        	set [42].5
  25  0005              #line 25 "G:\workspace\client\利仁电气\software\NCR\ncr\ncr_sensor.c"
  25  0005  3436        	clr [54].0
  26  0006              #line 26 "G:\workspace\client\利仁电气\software\NCR\ncr\ncr_sensor.c"
  26  0006  3435        	clr [53].0
  29  0007              #line 29 "G:\workspace\client\利仁电气\software\NCR\ncr\ncr_sensor.c"
  29  0007  3315        	set [21].6
  31  0008              #line 31 "G:\workspace\client\利仁电气\software\NCR\ncr\ncr_sensor.c"
  31  0008  3729        	clr [41].6
  32  0009              #line 32 "G:\workspace\client\利仁电气\software\NCR\ncr\ncr_sensor.c"
  32  0009  3328        	set [40].6
  34  000A              #line 34 "G:\workspace\client\利仁电气\software\NCR\ncr\ncr_sensor.c"
文件：ncr_sensor.c 编译器版本 HGASM 0202 页次3

  34  000A  35A9        	clr [41].3
  35  000B              #line 35 "G:\workspace\client\利仁电气\software\NCR\ncr\ncr_sensor.c"
  35  000B  35A8        	clr [40].3
  37  000C              #line 37 "G:\workspace\client\利仁电气\software\NCR\ncr\ncr_sensor.c"
  37  000C  3629        	clr [41].4
  38  000D              #line 38 "G:\workspace\client\利仁电气\software\NCR\ncr\ncr_sensor.c"
  38  000D  3228        	set [40].4
  40  000E              #line 40 "G:\workspace\client\利仁电气\software\NCR\ncr\ncr_sensor.c"
  40  000E  34B6        	clr [54].1
  41  000F              #line 41 "G:\workspace\client\利仁电气\software\NCR\ncr\ncr_sensor.c"
  41  000F  34B5        	clr [53].1
  43  0010              #line 43 "G:\workspace\client\利仁电气\software\NCR\ncr\ncr_sensor.c"
  43  0010  3395        	set [21].7
  45  0011              #line 45 "G:\workspace\client\利仁电气\software\NCR\ncr\ncr_sensor.c"
  45  0011  3295        	set [21].5
  46  0012              #line 46 "G:\workspace\client\利仁电气\software\NCR\ncr\ncr_sensor.c"
  46  0012  3215        	set [21].4
  47  0013              #line 47 "G:\workspace\client\利仁电气\software\NCR\ncr\ncr_sensor.c"
  47  0013  3195        	set [21].3
  48  0014              #line 48 "G:\workspace\client\利仁电气\software\NCR\ncr\ncr_sensor.c"
  48  0014  3095        	set [21].1
  49  0015              #line 49 "G:\workspace\client\利仁电气\software\NCR\ncr\ncr_sensor.c"
  49  0015  3115        	set [21].2
  50  0016              #line 50 "G:\workspace\client\利仁电气\software\NCR\ncr\ncr_sensor.c"
  50  0016  3015        	set [21].0
  51  0017              #line 51 "G:\workspace\client\利仁电气\software\NCR\ncr\ncr_sensor.c"
  51  0017  0F3F        	mov a,63
  51  0018  0596        	orm a,[22]
  57  0019              #line 57 "G:\workspace\client\利仁电气\software\NCR\ncr\ncr_sensor.c"
  57  0019  2000     E  	call _swGpioClear
  57  001A  0003        	ret
  57  001B              _ncrGPIOConfig endp
  57  001B              #line 57 "G:\workspace\client\利仁电气\software\NCR\ncr\ncr_sensor.c"
  57  001B              #pragma debug scope 1 1
  57  001B              #pragma debug struct_end
  57  001B              #pragma debug struct_end
  57  001B              #pragma debug union_end
  57  001B              #pragma debug union_end
  57  001B              #pragma debug variable 43 1 ___pac "__pac" 1
  57  001B              #pragma debug struct_end
  57  001B              #pragma debug struct_end
  57  001B              #pragma debug union_end
  57  001B              #pragma debug union_end
  57  001B              #pragma debug variable 45 1 ___papu "__papu" 1
  57  001B              #pragma debug struct_end
  57  001B              #pragma debug struct_end
  57  001B              #pragma debug union_end
  57  001B              #pragma debug union_end
  57  001B              #pragma debug variable 47 1 ___pc "__pc" 1
  57  001B              #pragma debug struct_end
  57  001B              #pragma debug struct_end
  57  001B              #pragma debug union_end
  57  001B              #pragma debug union_end
  57  001B              #pragma debug variable 49 1 ___pcc "__pcc" 1
  57  001B              #pragma debug struct_end
  57  001B              #pragma debug struct_end
  57  001B              #pragma debug union_end
  57  001B              #pragma debug union_end
  57  001B              #pragma debug variable 51 1 ___pcpu "__pcpu" 1
  57  001B              #pragma debug struct_end
文件：ncr_sensor.c 编译器版本 HGASM 0202 页次4

  57  001B              #pragma debug struct_end
  57  001B              #pragma debug union_end
  57  001B              #pragma debug union_end
  57  001B              #pragma debug variable 53 1 ___pd "__pd" 1
  57  001B              #pragma debug struct_end
  57  001B              #pragma debug struct_end
  57  001B              #pragma debug union_end
  57  001B              #pragma debug union_end
  57  001B              #pragma debug variable 55 1 ___pdc "__pdc" 1
  57  001B              extern _swGpioClear:near
  57  001B              
  57  001B              ; 
  57  001B              ; Generated by holtek-gcc v3.19, Mon Oct 21 15:28:07 2019
  57  001B              ; Rebuild 115
  57  001B              ; end of file


        0 Errors, 0